{"timestamp":"2025-11-13T05:55:40.003519","level":"info","event":"DAG bundles loaded: dags-folder","logger":"airflow.dag_processing.bundles.manager.DagBundlesManager"}
{"timestamp":"2025-11-13T05:55:40.005396","level":"info","event":"Filling up the DagBag from /opt/airflow/dags/amazon_etl_dag.py","logger":"airflow.models.dagbag.DagBag"}
{"timestamp":"2025-11-13T05:55:43.838255Z","level":"info","event":"[TRANSFORM] Loaded 12 records from raw dataset.","chan":"stdout","logger":"task"}
{"timestamp":"2025-11-13T05:55:43.844651Z","level":"info","event":"[TRANSFORM] Cleaned data saved at /opt/airflow/tmp/amazon_books_transformed.csv","chan":"stdout","logger":"task"}
{"timestamp":"2025-11-13T05:55:43.846370Z","level":"info","event":"[TRANSFORM] 12 valid records after cleaning.","chan":"stdout","logger":"task"}
{"timestamp":"2025-11-13T05:55:42.600468","level":"info","event":"Done. Returned value was: /opt/airflow/tmp/amazon_books_transformed.csv","logger":"airflow.task.operators.airflow.providers.standard.decorators.python._PythonDecoratedOperator"}
{"timestamp":"2025-11-13T05:55:42.611042","level":"info","event":"Pushing xcom","ti":"RuntimeTaskInstance(id=UUID('019a7a8e-8d52-7e35-9c15-fc05e3997812'), task_id='transform_amazon_books', dag_id='amazon_books_etl_pipeline', run_id='scheduled__2025-11-13T00:00:00+00:00', try_number=1, map_index=-1, hostname='cfab8b353eed', context_carrier=None, task=<Task(_PythonDecoratedOperator): transform_amazon_books>, bundle_instance=LocalDagBundle(name=dags-folder), max_tries=3, start_date=datetime.datetime(2025, 11, 13, 5, 55, 36, 192713, tzinfo=TzInfo(UTC)), end_date=None, state=<TaskInstanceState.RUNNING: 'running'>, is_mapped=False, rendered_map_index=None)","logger":"task"}
{"timestamp":"2025-11-13T06:29:29.585308","level":"info","event":"DAG bundles loaded: dags-folder","logger":"airflow.dag_processing.bundles.manager.DagBundlesManager"}
{"timestamp":"2025-11-13T06:29:29.587299","level":"info","event":"Filling up the DagBag from /opt/airflow/dags/amazon_etl_dag.py","logger":"airflow.models.dagbag.DagBag"}
{"timestamp":"2025-11-13T06:29:31.241280","level":"error","event":"Task failed with exception","logger":"task","error_detail":[{"exc_type":"EmptyDataError","exc_value":"No columns to parse from file","exc_notes":[],"syntax_error":null,"is_cause":false,"frames":[{"filename":"/home/airflow/.local/lib/python3.12/site-packages/airflow/sdk/execution_time/task_runner.py","lineno":838,"name":"run"},{"filename":"/home/airflow/.local/lib/python3.12/site-packages/airflow/sdk/execution_time/task_runner.py","lineno":1130,"name":"_execute_task"},{"filename":"/home/airflow/.local/lib/python3.12/site-packages/airflow/sdk/bases/operator.py","lineno":408,"name":"wrapper"},{"filename":"/home/airflow/.local/lib/python3.12/site-packages/airflow/sdk/bases/decorator.py","lineno":251,"name":"execute"},{"filename":"/home/airflow/.local/lib/python3.12/site-packages/airflow/sdk/bases/operator.py","lineno":408,"name":"wrapper"},{"filename":"/home/airflow/.local/lib/python3.12/site-packages/airflow/providers/standard/operators/python.py","lineno":212,"name":"execute"},{"filename":"/home/airflow/.local/lib/python3.12/site-packages/airflow/providers/standard/operators/python.py","lineno":235,"name":"execute_callable"},{"filename":"/home/airflow/.local/lib/python3.12/site-packages/airflow/sdk/execution_time/callback_runner.py","lineno":81,"name":"run"},{"filename":"/opt/airflow/dags/amazon_etl_dag.py","lineno":85,"name":"transform_amazon_books"},{"filename":"/home/airflow/.local/lib/python3.12/site-packages/pandas/io/parsers/readers.py","lineno":948,"name":"read_csv"},{"filename":"/home/airflow/.local/lib/python3.12/site-packages/pandas/io/parsers/readers.py","lineno":611,"name":"_read"},{"filename":"/home/airflow/.local/lib/python3.12/site-packages/pandas/io/parsers/readers.py","lineno":1448,"name":"__init__"},{"filename":"/home/airflow/.local/lib/python3.12/site-packages/pandas/io/parsers/readers.py","lineno":1723,"name":"_make_engine"},{"filename":"/home/airflow/.local/lib/python3.12/site-packages/pandas/io/parsers/c_parser_wrapper.py","lineno":93,"name":"__init__"},{"filename":"/opt/airflow/parsers.pyx","lineno":586,"name":"pandas._libs.parsers.TextReader.__cinit__"}]}]}
{"timestamp":"2025-11-13T06:49:16.010737","level":"info","event":"DAG bundles loaded: dags-folder","logger":"airflow.dag_processing.bundles.manager.DagBundlesManager"}
{"timestamp":"2025-11-13T06:49:16.012575","level":"info","event":"Filling up the DagBag from /opt/airflow/dags/amazon_etl_dag.py","logger":"airflow.models.dagbag.DagBag"}
{"timestamp":"2025-11-13T06:49:19.501955Z","level":"info","event":"[TRANSFORM] Loaded 12 records from raw dataset.","chan":"stdout","logger":"task"}
{"timestamp":"2025-11-13T06:49:19.502928Z","level":"info","event":"[TRANSFORM] Cleaned data saved at /opt/airflow/tmp/amazon_books_transformed.csv","chan":"stdout","logger":"task"}
{"timestamp":"2025-11-13T06:49:19.503748Z","level":"info","event":"[TRANSFORM] 12 valid records after cleaning.","chan":"stdout","logger":"task"}
{"timestamp":"2025-11-13T06:49:18.342743","level":"info","event":"Done. Returned value was: /opt/airflow/tmp/amazon_books_transformed.csv","logger":"airflow.task.operators.airflow.providers.standard.decorators.python._PythonDecoratedOperator"}
{"timestamp":"2025-11-13T06:49:18.343452","level":"info","event":"Pushing xcom","ti":"RuntimeTaskInstance(id=UUID('019a7bf9-8d5d-7ad5-a2d8-5c7022d6ee78'), task_id='transform_amazon_books', dag_id='amazon_books_etl_pipeline', run_id='scheduled__2025-11-13T00:00:00+00:00', try_number=1, map_index=-1, hostname='4a01f702f64d', context_carrier=None, task=<Task(_PythonDecoratedOperator): transform_amazon_books>, bundle_instance=LocalDagBundle(name=dags-folder), max_tries=3, start_date=datetime.datetime(2025, 11, 13, 6, 49, 14, 143530, tzinfo=TzInfo(UTC)), end_date=None, state=<TaskInstanceState.RUNNING: 'running'>, is_mapped=False, rendered_map_index=None)","logger":"task"}
{"timestamp":"2025-11-13T07:40:49.300351","level":"info","event":"DAG bundles loaded: dags-folder","logger":"airflow.dag_processing.bundles.manager.DagBundlesManager"}
{"timestamp":"2025-11-13T07:40:49.300958","level":"info","event":"Filling up the DagBag from /opt/airflow/dags/amazon_etl_dag.py","logger":"airflow.models.dagbag.DagBag"}
{"timestamp":"2025-11-13T07:40:50.313014Z","level":"info","event":"[TRANSFORM] Loaded 12 records from raw dataset.","chan":"stdout","logger":"task"}
{"timestamp":"2025-11-13T07:40:50.313476Z","level":"info","event":"[TRANSFORM] Cleaned data saved at /opt/airflow/tmp/amazon_books_transformed.csv","chan":"stdout","logger":"task"}
{"timestamp":"2025-11-13T07:40:50.313859Z","level":"info","event":"[TRANSFORM] 12 valid records after cleaning.","chan":"stdout","logger":"task"}
{"timestamp":"2025-11-13T07:40:50.265386","level":"info","event":"Done. Returned value was: /opt/airflow/tmp/amazon_books_transformed.csv","logger":"airflow.task.operators.airflow.providers.standard.decorators.python._PythonDecoratedOperator"}
{"timestamp":"2025-11-13T07:40:50.265618","level":"info","event":"Pushing xcom","ti":"RuntimeTaskInstance(id=UUID('019a7c28-cfd7-7e92-9c99-fbfaa756b265'), task_id='transform_amazon_books', dag_id='amazon_books_etl_pipeline', run_id='scheduled__2025-11-13T00:00:00+00:00', try_number=1, map_index=-1, hostname='1457f3942800', context_carrier=None, task=<Task(_PythonDecoratedOperator): transform_amazon_books>, bundle_instance=LocalDagBundle(name=dags-folder), max_tries=3, start_date=datetime.datetime(2025, 11, 13, 7, 40, 49, 241431, tzinfo=TzInfo(UTC)), end_date=None, state=<TaskInstanceState.RUNNING: 'running'>, is_mapped=False, rendered_map_index=None)","logger":"task"}
{"timestamp":"2025-11-13T08:25:20.025308","level":"info","event":"DAG bundles loaded: dags-folder","logger":"airflow.dag_processing.bundles.manager.DagBundlesManager"}
{"timestamp":"2025-11-13T08:25:20.026799","level":"info","event":"Filling up the DagBag from /opt/airflow/dags/amazon_etl_dag.py","logger":"airflow.models.dagbag.DagBag"}
{"timestamp":"2025-11-13T08:25:21.661960Z","level":"info","event":"[TRANSFORM] Loaded 12 records from raw dataset.","chan":"stdout","logger":"task"}
{"timestamp":"2025-11-13T08:25:21.664556Z","level":"info","event":"[TRANSFORM] Cleaned data saved at /opt/airflow/tmp/amazon_books_transformed.csv","chan":"stdout","logger":"task"}
{"timestamp":"2025-11-13T08:25:21.667648Z","level":"info","event":"[TRANSFORM] 12 valid records after cleaning.","chan":"stdout","logger":"task"}
{"timestamp":"2025-11-13T08:25:21.544130","level":"info","event":"Done. Returned value was: /opt/airflow/tmp/amazon_books_transformed.csv","logger":"airflow.task.operators.airflow.providers.standard.decorators.python._PythonDecoratedOperator"}
{"timestamp":"2025-11-13T08:25:21.544550","level":"info","event":"Pushing xcom","ti":"RuntimeTaskInstance(id=UUID('019a7c51-86bf-7f96-9d97-c8f9ead20c0c'), task_id='transform_amazon_books', dag_id='amazon_books_etl_pipeline', run_id='scheduled__2025-11-13T00:00:00+00:00', try_number=1, map_index=-1, hostname='d56ec9e332a1', context_carrier=None, task=<Task(_PythonDecoratedOperator): transform_amazon_books>, bundle_instance=LocalDagBundle(name=dags-folder), max_tries=3, start_date=datetime.datetime(2025, 11, 13, 8, 25, 19, 884940, tzinfo=TzInfo(UTC)), end_date=None, state=<TaskInstanceState.RUNNING: 'running'>, is_mapped=False, rendered_map_index=None)","logger":"task"}
{"timestamp":"2025-11-13T10:50:01.545155","level":"info","event":"DAG bundles loaded: dags-folder","logger":"airflow.dag_processing.bundles.manager.DagBundlesManager"}
{"timestamp":"2025-11-13T10:50:01.545779","level":"info","event":"Filling up the DagBag from /opt/airflow/dags/amazon_etl_dag.py","logger":"airflow.models.dagbag.DagBag"}
{"timestamp":"2025-11-13T10:50:02.214566Z","level":"info","event":"[TRANSFORM] Loaded 12 records from raw dataset.","chan":"stdout","logger":"task"}
{"timestamp":"2025-11-13T10:50:02.215213Z","level":"info","event":"[TRANSFORM] Cleaned data saved at /opt/airflow/tmp/amazon_books_transformed.csv","chan":"stdout","logger":"task"}
{"timestamp":"2025-11-13T10:50:02.215702Z","level":"info","event":"[TRANSFORM] 12 valid records after cleaning.","chan":"stdout","logger":"task"}
{"timestamp":"2025-11-13T10:50:02.182707","level":"info","event":"Done. Returned value was: /opt/airflow/tmp/amazon_books_transformed.csv","logger":"airflow.task.operators.airflow.providers.standard.decorators.python._PythonDecoratedOperator"}
{"timestamp":"2025-11-13T10:50:02.182993","level":"info","event":"Pushing xcom","ti":"RuntimeTaskInstance(id=UUID('019a7cd2-475c-7fdb-b140-0c4f881aa5b0'), task_id='transform_amazon_books', dag_id='amazon_books_etl_pipeline', run_id='scheduled__2025-11-13T00:00:00+00:00', try_number=1, map_index=-1, hostname='47571c40ca54', context_carrier=None, task=<Task(_PythonDecoratedOperator): transform_amazon_books>, bundle_instance=LocalDagBundle(name=dags-folder), max_tries=3, start_date=datetime.datetime(2025, 11, 13, 10, 50, 1, 470377, tzinfo=TzInfo(UTC)), end_date=None, state=<TaskInstanceState.RUNNING: 'running'>, is_mapped=False, rendered_map_index=None)","logger":"task"}
{"timestamp":"2025-11-13T13:20:16.378754","level":"info","event":"DAG bundles loaded: dags-folder","logger":"airflow.dag_processing.bundles.manager.DagBundlesManager"}
{"timestamp":"2025-11-13T13:20:16.379630","level":"info","event":"Filling up the DagBag from /opt/airflow/dags/amazon_etl_dag.py","logger":"airflow.models.dagbag.DagBag"}
{"timestamp":"2025-11-13T13:20:17.264098Z","level":"info","event":"[TRANSFORM] Loaded 36 records from raw dataset.","chan":"stdout","logger":"task"}
{"timestamp":"2025-11-13T13:20:17.264638Z","level":"info","event":"[TRANSFORM] Cleaned data saved at /opt/airflow/tmp/amazon_books_transformed.csv","chan":"stdout","logger":"task"}
{"timestamp":"2025-11-13T13:20:17.265040Z","level":"info","event":"[TRANSFORM] 33 valid records after standardization.","chan":"stdout","logger":"task"}
{"timestamp":"2025-11-13T13:20:17.265484Z","level":"info","event":"[TRANSFORM] Sample cleaned data:","chan":"stdout","logger":"task"}
{"timestamp":"2025-11-13T13:20:17.265910Z","level":"info","event":"                                                                                                                                                                 Title               Author  Rating  Price($)","chan":"stdout","logger":"task"}
{"timestamp":"2025-11-13T13:20:17.266330Z","level":"info","event":"                           Data Engineering Foundations: Core Techniques for Data Analysis with Pandas, NumPy, and Scikit-Learn (Advanced Data Analysis Series Book 1)       Kindle Edition     4.2       NaN","chan":"stdout","logger":"task"}
{"timestamp":"2025-11-13T13:20:17.266762Z","level":"info","event":"                                                                                                              Mastering the Data Paradox: Key to Winning in the AI Age           Nitin Seth     4.7       NaN","chan":"stdout","logger":"task"}
{"timestamp":"2025-11-13T13:20:17.267117Z","level":"info","event":"                         Python and SQL Bible: From Beginner to World Expert: Unleash the full potential of data analysis and manipulation by mastering Python and SQL Cuantum Technologies     4.2       NaN","chan":"stdout","logger":"task"}
{"timestamp":"2025-11-13T13:20:17.267473Z","level":"info","event":"            Feature Engineering for Modern Machine Learning with Scikit-Learn: Advanced Data Science and Practical Applications (Advanced Data Analysis Series Book 2)       Kindle Edition     4.6       NaN","chan":"stdout","logger":"task"}
{"timestamp":"2025-11-13T13:20:17.267845Z","level":"info","event":"AWS Certified Data Engineer – Associate Exam Notes & Practice Tests : 8 Full-Length Practice Exams with Answer Explanations | 500+ Practice Questions | Key Exam Notes             SK Singh     4.8       NaN","chan":"stdout","logger":"task"}
{"timestamp":"2025-11-13T13:20:17.233437","level":"info","event":"Done. Returned value was: /opt/airflow/tmp/amazon_books_transformed.csv","logger":"airflow.task.operators.airflow.providers.standard.decorators.python._PythonDecoratedOperator"}
{"timestamp":"2025-11-13T13:20:17.233629","level":"info","event":"Pushing xcom","ti":"RuntimeTaskInstance(id=UUID('019a7d5e-de33-74b0-998b-69df7ee5495d'), task_id='transform_amazon_books', dag_id='amazon_books_etl_pipeline', run_id='scheduled__2025-11-13T00:00:00+00:00', try_number=1, map_index=-1, hostname='be27c2882451', context_carrier=None, task=<Task(_PythonDecoratedOperator): transform_amazon_books>, bundle_instance=LocalDagBundle(name=dags-folder), max_tries=3, start_date=datetime.datetime(2025, 11, 13, 13, 20, 16, 284767, tzinfo=TzInfo(UTC)), end_date=None, state=<TaskInstanceState.RUNNING: 'running'>, is_mapped=False, rendered_map_index=None)","logger":"task"}
{"timestamp":"2025-11-13T14:02:03.387216","level":"info","event":"DAG bundles loaded: dags-folder","logger":"airflow.dag_processing.bundles.manager.DagBundlesManager"}
{"timestamp":"2025-11-13T14:02:03.388349","level":"info","event":"Filling up the DagBag from /opt/airflow/dags/amazon_etl_dag.py","logger":"airflow.models.dagbag.DagBag"}
{"timestamp":"2025-11-13T14:02:04.366902Z","level":"info","event":"[TRANSFORM] Loaded 41 records from raw dataset.","chan":"stdout","logger":"task"}
{"timestamp":"2025-11-13T14:02:04.367630Z","level":"info","event":"[TRANSFORM] Cleaned data saved at /opt/airflow/tmp/amazon_books_transformed.csv","chan":"stdout","logger":"task"}
{"timestamp":"2025-11-13T14:02:04.368152Z","level":"info","event":"[TRANSFORM] 40 valid records after standardization.","chan":"stdout","logger":"task"}
{"timestamp":"2025-11-13T14:02:04.368605Z","level":"info","event":"[TRANSFORM] Sample cleaned data:","chan":"stdout","logger":"task"}
{"timestamp":"2025-11-13T14:02:04.369127Z","level":"info","event":"                                                                                                                                                                 Title               Author  Rating  Price($)","chan":"stdout","logger":"task"}
{"timestamp":"2025-11-13T14:02:04.369601Z","level":"info","event":"                           Data Engineering Foundations: Core Techniques for Data Analysis with Pandas, NumPy, and Scikit-Learn (Advanced Data Analysis Series Book 1)       Kindle Edition     4.2       NaN","chan":"stdout","logger":"task"}
{"timestamp":"2025-11-13T14:02:04.370192Z","level":"info","event":"                                                                                                   AWS Certified Data Engineer – Associate Exam Notes & Practice Tests             SK Singh     4.8       NaN","chan":"stdout","logger":"task"}
{"timestamp":"2025-11-13T14:02:04.370770Z","level":"info","event":"                                  Data Engineering Foundations: Core Techniques for Data Analysis with Pandas, NumPy, and Scikit-Learn (Advanced Data Analysis Series)            Paperback     4.2       NaN","chan":"stdout","logger":"task"}
{"timestamp":"2025-11-13T14:02:04.371290Z","level":"info","event":"                         Python and SQL Bible: From Beginner to World Expert: Unleash the full potential of data analysis and manipulation by mastering Python and SQL Cuantum Technologies     4.2       NaN","chan":"stdout","logger":"task"}
{"timestamp":"2025-11-13T14:02:04.371792Z","level":"info","event":"AWS Certified Data Engineer – Associate Exam Notes & Practice Tests : 8 Full-Length Practice Exams with Answer Explanations | 500+ Practice Questions | Key Exam Notes             SK Singh     4.8       NaN","chan":"stdout","logger":"task"}
{"timestamp":"2025-11-13T14:02:04.320897","level":"info","event":"Done. Returned value was: /opt/airflow/tmp/amazon_books_transformed.csv","logger":"airflow.task.operators.airflow.providers.standard.decorators.python._PythonDecoratedOperator"}
{"timestamp":"2025-11-13T14:02:04.321353","level":"info","event":"Pushing xcom","ti":"RuntimeTaskInstance(id=UUID('019a7d85-3674-706a-b5fc-6d229d4d55fc'), task_id='transform_amazon_books', dag_id='amazon_books_etl_pipeline', run_id='scheduled__2025-11-13T00:00:00+00:00', try_number=1, map_index=-1, hostname='c47659323ba5', context_carrier=None, task=<Task(_PythonDecoratedOperator): transform_amazon_books>, bundle_instance=LocalDagBundle(name=dags-folder), max_tries=3, start_date=datetime.datetime(2025, 11, 13, 14, 2, 3, 285666, tzinfo=TzInfo(UTC)), end_date=None, state=<TaskInstanceState.RUNNING: 'running'>, is_mapped=False, rendered_map_index=None)","logger":"task"}
{"timestamp":"2025-11-13T14:16:45.501966","level":"info","event":"DAG bundles loaded: dags-folder","logger":"airflow.dag_processing.bundles.manager.DagBundlesManager"}
{"timestamp":"2025-11-13T14:16:45.503841","level":"info","event":"Filling up the DagBag from /opt/airflow/dags/amazon_etl_dag.py","logger":"airflow.models.dagbag.DagBag"}
{"timestamp":"2025-11-13T14:16:47.320830Z","level":"info","event":"[TRANSFORM] Loaded 42 records from raw dataset.","chan":"stdout","logger":"task"}
{"timestamp":"2025-11-13T14:16:47.326075Z","level":"info","event":"[TRANSFORM] Cleaned data saved at /opt/airflow/tmp/amazon_books_transformed.csv","chan":"stdout","logger":"task"}
{"timestamp":"2025-11-13T14:16:47.328838Z","level":"info","event":"[TRANSFORM] 39 valid records after standardization.","chan":"stdout","logger":"task"}
{"timestamp":"2025-11-13T14:16:47.329741Z","level":"info","event":"[TRANSFORM] Sample cleaned data:","chan":"stdout","logger":"task"}
{"timestamp":"2025-11-13T14:16:47.336109Z","level":"info","event":"                                                                                                                                                                 Title               Author  Rating  Price($)","chan":"stdout","logger":"task"}
{"timestamp":"2025-11-13T14:16:47.338590Z","level":"info","event":"                           Data Engineering Foundations: Core Techniques for Data Analysis with Pandas, NumPy, and Scikit-Learn (Advanced Data Analysis Series Book 1)       Kindle Edition     4.2       NaN","chan":"stdout","logger":"task"}
{"timestamp":"2025-11-13T14:16:47.340761Z","level":"info","event":"                                                  Data Engineering with AWS: Acquire the skills to design and build AWS-based data transformation pipelines like a pro         Gareth Eagar     4.4       NaN","chan":"stdout","logger":"task"}
{"timestamp":"2025-11-13T14:16:47.341722Z","level":"info","event":"                         Python and SQL Bible: From Beginner to World Expert: Unleash the full potential of data analysis and manipulation by mastering Python and SQL Cuantum Technologies     4.2       NaN","chan":"stdout","logger":"task"}
{"timestamp":"2025-11-13T14:16:47.347485Z","level":"info","event":"            Feature Engineering for Modern Machine Learning with Scikit-Learn: Advanced Data Science and Practical Applications (Advanced Data Analysis Series Book 2)       Kindle Edition     4.6       NaN","chan":"stdout","logger":"task"}
{"timestamp":"2025-11-13T14:16:47.349649Z","level":"info","event":"AWS Certified Data Engineer – Associate Exam Notes & Practice Tests : 8 Full-Length Practice Exams with Answer Explanations | 500+ Practice Questions | Key Exam Notes             SK Singh     4.8       NaN","chan":"stdout","logger":"task"}
{"timestamp":"2025-11-13T14:16:47.320091","level":"info","event":"Done. Returned value was: /opt/airflow/tmp/amazon_books_transformed.csv","logger":"airflow.task.operators.airflow.providers.standard.decorators.python._PythonDecoratedOperator"}
{"timestamp":"2025-11-13T14:16:47.320638","level":"info","event":"Pushing xcom","ti":"RuntimeTaskInstance(id=UUID('019a7d92-b0ca-7d89-8239-6164e2ec5ff6'), task_id='transform_amazon_books', dag_id='amazon_books_etl_pipeline', run_id='scheduled__2025-11-13T00:00:00+00:00', try_number=1, map_index=-1, hostname='66ac5f7d52af', context_carrier=None, task=<Task(_PythonDecoratedOperator): transform_amazon_books>, bundle_instance=LocalDagBundle(name=dags-folder), max_tries=3, start_date=datetime.datetime(2025, 11, 13, 14, 16, 45, 282621, tzinfo=TzInfo(UTC)), end_date=None, state=<TaskInstanceState.RUNNING: 'running'>, is_mapped=False, rendered_map_index=None)","logger":"task"}
{"timestamp":"2025-11-13T14:24:58.413406","level":"info","event":"DAG bundles loaded: dags-folder","logger":"airflow.dag_processing.bundles.manager.DagBundlesManager"}
{"timestamp":"2025-11-13T14:24:58.414162","level":"info","event":"Filling up the DagBag from /opt/airflow/dags/amazon_etl_dag.py","logger":"airflow.models.dagbag.DagBag"}
{"timestamp":"2025-11-13T14:24:59.148640Z","level":"info","event":"[TRANSFORM] Loaded 38 records from raw dataset.","chan":"stdout","logger":"task"}
{"timestamp":"2025-11-13T14:24:59.149112Z","level":"info","event":"[TRANSFORM] Cleaned data saved at /opt/airflow/tmp/amazon_books_transformed.csv","chan":"stdout","logger":"task"}
{"timestamp":"2025-11-13T14:24:59.149527Z","level":"info","event":"[TRANSFORM] 37 valid records after standardization.","chan":"stdout","logger":"task"}
{"timestamp":"2025-11-13T14:24:59.149883Z","level":"info","event":"[TRANSFORM] Sample cleaned data:","chan":"stdout","logger":"task"}
{"timestamp":"2025-11-13T14:24:59.150255Z","level":"info","event":"                                                                                                                                                     Title               Author  Rating  Price($)","chan":"stdout","logger":"task"}
{"timestamp":"2025-11-13T14:24:59.150601Z","level":"info","event":"               Data Engineering Foundations: Core Techniques for Data Analysis with Pandas, NumPy, and Scikit-Learn (Advanced Data Analysis Series Book 1)       Kindle Edition     4.2     44.90","chan":"stdout","logger":"task"}
{"timestamp":"2025-11-13T14:24:59.151016Z","level":"info","event":"                                      Data Engineering with AWS: Acquire the skills to design and build AWS-based data transformation pipelines like a pro         Gareth Eagar     4.4     23.46","chan":"stdout","logger":"task"}
{"timestamp":"2025-11-13T14:24:59.151321Z","level":"info","event":"                                                                                       AWS Certified Data Engineer – Associate Exam Notes & Practice Tests             SK Singh     4.8     29.99","chan":"stdout","logger":"task"}
{"timestamp":"2025-11-13T14:24:59.151624Z","level":"info","event":"Feature Engineering for Modern Machine Learning with Scikit-Learn: Advanced Data Science and Practical Applications (Advanced Data Analysis Series Book 2)       Kindle Edition     4.6     44.90","chan":"stdout","logger":"task"}
{"timestamp":"2025-11-13T14:24:59.151951Z","level":"info","event":"             Python and SQL Bible: From Beginner to World Expert: Unleash the full potential of data analysis and manipulation by mastering Python and SQL Cuantum Technologies     4.2     39.90","chan":"stdout","logger":"task"}
{"timestamp":"2025-11-13T14:24:59.115701","level":"info","event":"Done. Returned value was: /opt/airflow/tmp/amazon_books_transformed.csv","logger":"airflow.task.operators.airflow.providers.standard.decorators.python._PythonDecoratedOperator"}
{"timestamp":"2025-11-13T14:24:59.115914","level":"info","event":"Pushing xcom","ti":"RuntimeTaskInstance(id=UUID('019a7d9a-2666-7a29-9f97-468b50fd9a18'), task_id='transform_amazon_books', dag_id='amazon_books_etl_pipeline', run_id='scheduled__2025-11-13T00:00:00+00:00', try_number=1, map_index=-1, hostname='8013887dcb44', context_carrier=None, task=<Task(_PythonDecoratedOperator): transform_amazon_books>, bundle_instance=LocalDagBundle(name=dags-folder), max_tries=3, start_date=datetime.datetime(2025, 11, 13, 14, 24, 58, 350504, tzinfo=TzInfo(UTC)), end_date=None, state=<TaskInstanceState.RUNNING: 'running'>, is_mapped=False, rendered_map_index=None)","logger":"task"}
{"timestamp":"2025-11-13T14:41:34.744916","level":"info","event":"DAG bundles loaded: dags-folder","logger":"airflow.dag_processing.bundles.manager.DagBundlesManager"}
{"timestamp":"2025-11-13T14:41:34.746317","level":"info","event":"Filling up the DagBag from /opt/airflow/dags/amazon_etl_dag.py","logger":"airflow.models.dagbag.DagBag"}
{"timestamp":"2025-11-13T14:41:36.507142Z","level":"info","event":"[TRANSFORM] Loaded 36 records from raw dataset.","chan":"stdout","logger":"task"}
{"timestamp":"2025-11-13T14:41:36.508403Z","level":"info","event":"[TRANSFORM] Cleaned data saved at /opt/airflow/tmp/amazon_books_transformed.csv","chan":"stdout","logger":"task"}
{"timestamp":"2025-11-13T14:41:36.509250Z","level":"info","event":"[TRANSFORM] 33 valid records after standardization.","chan":"stdout","logger":"task"}
{"timestamp":"2025-11-13T14:41:36.510072Z","level":"info","event":"[TRANSFORM] Sample cleaned data:","chan":"stdout","logger":"task"}
{"timestamp":"2025-11-13T14:41:36.510902Z","level":"info","event":"                                                                                                                                                     Title               Author  Rating  Price($)","chan":"stdout","logger":"task"}
{"timestamp":"2025-11-13T14:41:36.511844Z","level":"info","event":"               Data Engineering Foundations: Core Techniques for Data Analysis with Pandas, NumPy, and Scikit-Learn (Advanced Data Analysis Series Book 1)       Kindle Edition     4.2       NaN","chan":"stdout","logger":"task"}
{"timestamp":"2025-11-13T14:41:36.512656Z","level":"info","event":"                                      Data Engineering with AWS: Acquire the skills to design and build AWS-based data transformation pipelines like a pro         Gareth Eagar     4.4       NaN","chan":"stdout","logger":"task"}
{"timestamp":"2025-11-13T14:41:36.513492Z","level":"info","event":"                                                                                       AWS Certified Data Engineer – Associate Exam Notes & Practice Tests             SK Singh     4.8       NaN","chan":"stdout","logger":"task"}
{"timestamp":"2025-11-13T14:41:36.514254Z","level":"info","event":"Feature Engineering for Modern Machine Learning with Scikit-Learn: Advanced Data Science and Practical Applications (Advanced Data Analysis Series Book 2)       Kindle Edition     4.6       NaN","chan":"stdout","logger":"task"}
{"timestamp":"2025-11-13T14:41:36.515077Z","level":"info","event":"             Python and SQL Bible: From Beginner to World Expert: Unleash the full potential of data analysis and manipulation by mastering Python and SQL Cuantum Technologies     4.2       NaN","chan":"stdout","logger":"task"}
{"timestamp":"2025-11-13T14:41:36.450476","level":"info","event":"Done. Returned value was: /opt/airflow/tmp/amazon_books_transformed.csv","logger":"airflow.task.operators.airflow.providers.standard.decorators.python._PythonDecoratedOperator"}
{"timestamp":"2025-11-13T14:41:36.450806","level":"info","event":"Pushing xcom","ti":"RuntimeTaskInstance(id=UUID('019a7da9-3b5f-7e4e-afef-9b85ad4edc21'), task_id='transform_amazon_books', dag_id='amazon_books_etl_pipeline', run_id='scheduled__2025-11-13T00:00:00+00:00', try_number=1, map_index=-1, hostname='48734e4cff26', context_carrier=None, task=<Task(_PythonDecoratedOperator): transform_amazon_books>, bundle_instance=LocalDagBundle(name=dags-folder), max_tries=3, start_date=datetime.datetime(2025, 11, 13, 14, 41, 34, 566992, tzinfo=TzInfo(UTC)), end_date=None, state=<TaskInstanceState.RUNNING: 'running'>, is_mapped=False, rendered_map_index=None)","logger":"task"}
