{"timestamp":"2025-11-13T08:25:11.111769","level":"info","event":"DAG bundles loaded: dags-folder","logger":"airflow.dag_processing.bundles.manager.DagBundlesManager"}
{"timestamp":"2025-11-13T08:25:11.113801","level":"info","event":"Filling up the DagBag from /opt/airflow/dags/amazon_etl_dag.py","logger":"airflow.models.dagbag.DagBag"}
{"timestamp":"2025-11-13T08:25:47.085485Z","level":"info","event":"[EXTRACT] Amazon book data successfully saved at /opt/airflow/tmp/amazon_books_raw.csv","chan":"stdout","logger":"task"}
{"timestamp":"2025-11-13T08:25:47.119361Z","level":"info","event":"<class 'pandas.core.frame.DataFrame'>","chan":"stdout","logger":"task"}
{"timestamp":"2025-11-13T08:25:47.120277Z","level":"info","event":"RangeIndex: 12 entries, 0 to 11","chan":"stdout","logger":"task"}
{"timestamp":"2025-11-13T08:25:47.123072Z","level":"info","event":"Data columns (total 4 columns):","chan":"stdout","logger":"task"}
{"timestamp":"2025-11-13T08:25:47.124008Z","level":"info","event":" #   Column  Non-Null Count  Dtype","chan":"stdout","logger":"task"}
{"timestamp":"2025-11-13T08:25:47.124737Z","level":"info","event":"---  ------  --------------  -----","chan":"stdout","logger":"task"}
{"timestamp":"2025-11-13T08:25:47.125496Z","level":"info","event":" 0   Title   12 non-null     object","chan":"stdout","logger":"task"}
{"timestamp":"2025-11-13T08:25:47.127962Z","level":"info","event":" 1   Author  12 non-null     object","chan":"stdout","logger":"task"}
{"timestamp":"2025-11-13T08:25:47.129129Z","level":"info","event":" 2   Price   12 non-null     object","chan":"stdout","logger":"task"}
{"timestamp":"2025-11-13T08:25:47.129993Z","level":"info","event":" 3   Rating  12 non-null     object","chan":"stdout","logger":"task"}
{"timestamp":"2025-11-13T08:25:47.130658Z","level":"info","event":"dtypes: object(4)","chan":"stdout","logger":"task"}
{"timestamp":"2025-11-13T08:25:47.131400Z","level":"info","event":"memory usage: 516.0+ bytes","chan":"stdout","logger":"task"}
{"timestamp":"2025-11-13T08:25:47.132176Z","level":"info","event":"[XCOM] Pushed raw data path to XCom.","chan":"stdout","logger":"task"}
{"timestamp":"2025-11-13T08:25:47.132792Z","level":"info","event":"","chan":"stdout","logger":"task"}
{"timestamp":"2025-11-13T08:25:47.133369Z","level":"info","event":"📘 Preview of Extracted Data:","chan":"stdout","logger":"task"}
{"timestamp":"2025-11-13T08:25:47.134153Z","level":"info","event":"                                                                                                                                                                                              Title               Author     Price             Rating","chan":"stdout","logger":"task"}
{"timestamp":"2025-11-13T08:25:47.134836Z","level":"info","event":"                                                        Data Engineering Foundations: Core Techniques for Data Analysis with Pandas, NumPy, and Scikit-Learn (Advanced Data Analysis Series Book 1)       Kindle Edition GBP 34.23 4.2 out of 5 stars","chan":"stdout","logger":"task"}
{"timestamp":"2025-11-13T08:25:47.135575Z","level":"info","event":"                                                                               Data Engineering with AWS: Acquire the skills to design and build AWS-based data transformation pipelines like a pro         Gareth Eagar GBP 17.89 4.4 out of 5 stars","chan":"stdout","logger":"task"}
{"timestamp":"2025-11-13T08:25:47.136135Z","level":"info","event":"                             AWS Certified Data Engineer – Associate Exam Notes & Practice Tests : 8 Full-Length Practice Exams with Answer Explanations | 500+ Practice Questions | Key Exam Notes             SK Singh  GBP 0.00 4.8 out of 5 stars","chan":"stdout","logger":"task"}
{"timestamp":"2025-11-13T08:25:47.137043Z","level":"info","event":"Kafka Data Engineer (KDE) Handbook - Kafka Development & Engineering: Advanced Kafka Skills for Data Engineers (KDE): Custom Topic Management, Optimized ... Seamless DB Integration (KAFKA 2025 2)       Kindle Edition GBP 35.31                N/A","chan":"stdout","logger":"task"}
{"timestamp":"2025-11-13T08:25:47.137653Z","level":"info","event":"                                                      Python and SQL Bible: From Beginner to World Expert: Unleash the full potential of data analysis and manipulation by mastering Python and SQL Cuantum Technologies GBP 30.42 4.2 out of 5 stars","chan":"stdout","logger":"task"}
{"timestamp":"2025-11-13T08:25:47.134705","level":"info","event":"Done. Returned value was: /opt/airflow/tmp/amazon_books_raw.csv","logger":"airflow.task.operators.airflow.providers.standard.decorators.python._PythonDecoratedOperator"}
{"timestamp":"2025-11-13T08:25:47.136121","level":"info","event":"Pushing xcom","ti":"RuntimeTaskInstance(id=UUID('019a7c51-83f2-7f9d-8080-da5cf2a939a3'), task_id='get_amazon_data_books', dag_id='amazon_books_etl_pipeline', run_id='manual__2025-11-13T08:25:08.239610+00:00', try_number=1, map_index=-1, hostname='d56ec9e332a1', context_carrier=None, task=<Task(_PythonDecoratedOperator): get_amazon_data_books>, bundle_instance=LocalDagBundle(name=dags-folder), max_tries=3, start_date=datetime.datetime(2025, 11, 13, 8, 25, 9, 805282, tzinfo=TzInfo(UTC)), end_date=None, state=<TaskInstanceState.RUNNING: 'running'>, is_mapped=False, rendered_map_index=None)","logger":"task"}
