{"timestamp":"2025-11-13T06:08:28.178596","level":"info","event":"DAG bundles loaded: dags-folder","logger":"airflow.dag_processing.bundles.manager.DagBundlesManager"}
{"timestamp":"2025-11-13T06:08:28.180605","level":"info","event":"Filling up the DagBag from /opt/airflow/dags/amazon_etl_dag.py","logger":"airflow.models.dagbag.DagBag"}
{"timestamp":"2025-11-13T06:08:33.248827","level":"error","event":"Task failed with exception","logger":"task","error_detail":[{"exc_type":"NameError","exc_value":"name 'market' is not defined","exc_notes":[],"syntax_error":null,"is_cause":false,"frames":[{"filename":"/home/airflow/.local/lib/python3.12/site-packages/airflow/sdk/execution_time/task_runner.py","lineno":838,"name":"run"},{"filename":"/home/airflow/.local/lib/python3.12/site-packages/airflow/sdk/execution_time/task_runner.py","lineno":1130,"name":"_execute_task"},{"filename":"/home/airflow/.local/lib/python3.12/site-packages/airflow/sdk/bases/operator.py","lineno":408,"name":"wrapper"},{"filename":"/home/airflow/.local/lib/python3.12/site-packages/airflow/sdk/bases/decorator.py","lineno":251,"name":"execute"},{"filename":"/home/airflow/.local/lib/python3.12/site-packages/airflow/sdk/bases/operator.py","lineno":408,"name":"wrapper"},{"filename":"/home/airflow/.local/lib/python3.12/site-packages/airflow/providers/standard/operators/python.py","lineno":212,"name":"execute"},{"filename":"/home/airflow/.local/lib/python3.12/site-packages/airflow/providers/standard/operators/python.py","lineno":235,"name":"execute_callable"},{"filename":"/home/airflow/.local/lib/python3.12/site-packages/airflow/sdk/execution_time/callback_runner.py","lineno":81,"name":"run"},{"filename":"/opt/airflow/dags/amazon_etl_dag.py","lineno":40,"name":"get_amazon_data_books"}]}]}
{"timestamp":"2025-11-13T06:28:34.428452","level":"info","event":"DAG bundles loaded: dags-folder","logger":"airflow.dag_processing.bundles.manager.DagBundlesManager"}
{"timestamp":"2025-11-13T06:28:34.430461","level":"info","event":"Filling up the DagBag from /opt/airflow/dags/amazon_etl_dag.py","logger":"airflow.models.dagbag.DagBag"}
{"timestamp":"2025-11-13T06:28:39.340742Z","level":"info","event":"📖 Fetching page 1...","chan":"stdout","logger":"task"}
{"timestamp":"2025-11-13T06:28:42.759558Z","level":"info","event":"✅ Collected 0 books so far.","chan":"stdout","logger":"task"}
{"timestamp":"2025-11-13T06:28:44.902943Z","level":"info","event":"📖 Fetching page 2...","chan":"stdout","logger":"task"}
{"timestamp":"2025-11-13T06:28:48.088597Z","level":"info","event":"✅ Collected 0 books so far.","chan":"stdout","logger":"task"}
{"timestamp":"2025-11-13T06:28:49.703962Z","level":"info","event":"📖 Fetching page 3...","chan":"stdout","logger":"task"}
{"timestamp":"2025-11-13T06:28:53.048359Z","level":"info","event":"✅ Collected 0 books so far.","chan":"stdout","logger":"task"}
{"timestamp":"2025-11-13T06:28:54.620209Z","level":"info","event":"📖 Fetching page 4...","chan":"stdout","logger":"task"}
{"timestamp":"2025-11-13T06:28:58.197850Z","level":"info","event":"✅ Collected 0 books so far.","chan":"stdout","logger":"task"}
{"timestamp":"2025-11-13T06:29:00.903485Z","level":"info","event":"📖 Fetching page 5...","chan":"stdout","logger":"task"}
{"timestamp":"2025-11-13T06:29:03.557155Z","level":"info","event":"✅ Collected 0 books so far.","chan":"stdout","logger":"task"}
{"timestamp":"2025-11-13T06:29:05.682495Z","level":"info","event":"📖 Fetching page 6...","chan":"stdout","logger":"task"}
{"timestamp":"2025-11-13T06:29:08.380943Z","level":"info","event":"✅ Collected 0 books so far.","chan":"stdout","logger":"task"}
{"timestamp":"2025-11-13T06:29:11.079626Z","level":"info","event":"📖 Fetching page 7...","chan":"stdout","logger":"task"}
{"timestamp":"2025-11-13T06:29:13.167797Z","level":"info","event":"✅ Collected 0 books so far.","chan":"stdout","logger":"task"}
{"timestamp":"2025-11-13T06:29:16.008786Z","level":"info","event":"📖 Fetching page 8...","chan":"stdout","logger":"task"}
{"timestamp":"2025-11-13T06:29:18.803927Z","level":"info","event":"✅ Collected 0 books so far.","chan":"stdout","logger":"task"}
{"timestamp":"2025-11-13T06:29:20.426589Z","level":"info","event":"📖 Fetching page 9...","chan":"stdout","logger":"task"}
{"timestamp":"2025-11-13T06:29:22.966353Z","level":"info","event":"✅ Collected 0 books so far.","chan":"stdout","logger":"task"}
{"timestamp":"2025-11-13T06:29:24.803723Z","level":"info","event":"📖 Fetching page 10...","chan":"stdout","logger":"task"}
{"timestamp":"2025-11-13T06:29:27.276659Z","level":"info","event":"✅ Collected 0 books so far.","chan":"stdout","logger":"task"}
{"timestamp":"2025-11-13T06:29:28.883345Z","level":"info","event":"[EXTRACT] Saved 0 books at /opt/airflow/tmp/amazon_books_raw.csv","chan":"stdout","logger":"task"}
{"timestamp":"2025-11-13T06:29:28.905932","level":"info","event":"Done. Returned value was: /opt/airflow/tmp/amazon_books_raw.csv","logger":"airflow.task.operators.airflow.providers.standard.decorators.python._PythonDecoratedOperator"}
{"timestamp":"2025-11-13T06:29:28.917456","level":"info","event":"Pushing xcom","ti":"RuntimeTaskInstance(id=UUID('019a7be6-c377-7c7e-bd77-0875601a0dcb'), task_id='get_amazon_data_books', dag_id='amazon_books_etl_pipeline', run_id='scheduled__2025-11-13T00:00:00+00:00', try_number=1, map_index=-1, hostname='b0aabf7feffe', context_carrier=None, task=<Task(_PythonDecoratedOperator): get_amazon_data_books>, bundle_instance=LocalDagBundle(name=dags-folder), max_tries=3, start_date=datetime.datetime(2025, 11, 13, 6, 28, 32, 989794, tzinfo=TzInfo(UTC)), end_date=None, state=<TaskInstanceState.RUNNING: 'running'>, is_mapped=False, rendered_map_index=None)","logger":"task"}
{"timestamp":"2025-11-13T06:49:05.614325","level":"info","event":"DAG bundles loaded: dags-folder","logger":"airflow.dag_processing.bundles.manager.DagBundlesManager"}
{"timestamp":"2025-11-13T06:49:05.618627","level":"info","event":"Filling up the DagBag from /opt/airflow/dags/amazon_etl_dag.py","logger":"airflow.models.dagbag.DagBag"}
{"timestamp":"2025-11-13T06:49:12.557339Z","level":"info","event":"[EXTRACT] Amazon book data successfully saved at /opt/airflow/tmp/amazon_books_raw.csv","chan":"stdout","logger":"task"}
{"timestamp":"2025-11-13T06:49:12.558280Z","level":"info","event":"[XCOM] Pushed raw data path to XCom.","chan":"stdout","logger":"task"}
{"timestamp":"2025-11-13T06:49:12.558881Z","level":"info","event":"","chan":"stdout","logger":"task"}
{"timestamp":"2025-11-13T06:49:12.559428Z","level":"info","event":"📘 Preview of Extracted Data:","chan":"stdout","logger":"task"}
{"timestamp":"2025-11-13T06:49:12.595884Z","level":"info","event":"                                                                                                                                                                                              Title               Author  Price             Rating","chan":"stdout","logger":"task"}
{"timestamp":"2025-11-13T06:49:12.596846Z","level":"info","event":"                                                        Data Engineering Foundations: Core Techniques for Data Analysis with Pandas, NumPy, and Scikit-Learn (Advanced Data Analysis Series Book 1)       Kindle Edition $44.90 4.2 out of 5 stars","chan":"stdout","logger":"task"}
{"timestamp":"2025-11-13T06:49:12.597556Z","level":"info","event":"                             AWS Certified Data Engineer – Associate Exam Notes & Practice Tests : 8 Full-Length Practice Exams with Answer Explanations | 500+ Practice Questions | Key Exam Notes             SK Singh  $0.00 4.8 out of 5 stars","chan":"stdout","logger":"task"}
{"timestamp":"2025-11-13T06:49:12.598238Z","level":"info","event":"                                                                               Data Engineering with AWS: Acquire the skills to design and build AWS-based data transformation pipelines like a pro         Gareth Eagar $23.46 4.4 out of 5 stars","chan":"stdout","logger":"task"}
{"timestamp":"2025-11-13T06:49:12.598907Z","level":"info","event":"Kafka Data Engineer (KDE) Handbook - Kafka Development & Engineering: Advanced Kafka Skills for Data Engineers (KDE): Custom Topic Management, Optimized ... Seamless DB Integration (KAFKA 2025 2)       Kindle Edition $46.32                N/A","chan":"stdout","logger":"task"}
{"timestamp":"2025-11-13T06:49:12.599651Z","level":"info","event":"                                                      Python and SQL Bible: From Beginner to World Expert: Unleash the full potential of data analysis and manipulation by mastering Python and SQL Cuantum Technologies $39.90 4.2 out of 5 stars","chan":"stdout","logger":"task"}
{"timestamp":"2025-11-13T06:49:12.569621","level":"info","event":"Done. Returned value was: /opt/airflow/tmp/amazon_books_raw.csv","logger":"airflow.task.operators.airflow.providers.standard.decorators.python._PythonDecoratedOperator"}
{"timestamp":"2025-11-13T06:49:12.570588","level":"info","event":"Pushing xcom","ti":"RuntimeTaskInstance(id=UUID('019a7bf9-8d5c-73e7-bf0a-6071dd68ee68'), task_id='get_amazon_data_books', dag_id='amazon_books_etl_pipeline', run_id='scheduled__2025-11-13T00:00:00+00:00', try_number=1, map_index=-1, hostname='4a01f702f64d', context_carrier=None, task=<Task(_PythonDecoratedOperator): get_amazon_data_books>, bundle_instance=LocalDagBundle(name=dags-folder), max_tries=3, start_date=datetime.datetime(2025, 11, 13, 6, 49, 4, 312362, tzinfo=TzInfo(UTC)), end_date=None, state=<TaskInstanceState.RUNNING: 'running'>, is_mapped=False, rendered_map_index=None)","logger":"task"}
{"timestamp":"2025-11-13T07:40:41.812790","level":"info","event":"DAG bundles loaded: dags-folder","logger":"airflow.dag_processing.bundles.manager.DagBundlesManager"}
{"timestamp":"2025-11-13T07:40:41.813877","level":"info","event":"Filling up the DagBag from /opt/airflow/dags/amazon_etl_dag.py","logger":"airflow.models.dagbag.DagBag"}
{"timestamp":"2025-11-13T07:40:48.354938Z","level":"info","event":"[EXTRACT] Amazon book data successfully saved at /opt/airflow/tmp/amazon_books_raw.csv","chan":"stdout","logger":"task"}
{"timestamp":"2025-11-13T07:40:48.381424Z","level":"info","event":"<class 'pandas.core.frame.DataFrame'>","chan":"stdout","logger":"task"}
{"timestamp":"2025-11-13T07:40:48.381977Z","level":"info","event":"RangeIndex: 12 entries, 0 to 11","chan":"stdout","logger":"task"}
{"timestamp":"2025-11-13T07:40:48.382422Z","level":"info","event":"Data columns (total 4 columns):","chan":"stdout","logger":"task"}
{"timestamp":"2025-11-13T07:40:48.382835Z","level":"info","event":" #   Column  Non-Null Count  Dtype","chan":"stdout","logger":"task"}
{"timestamp":"2025-11-13T07:40:48.383275Z","level":"info","event":"---  ------  --------------  -----","chan":"stdout","logger":"task"}
{"timestamp":"2025-11-13T07:40:48.383695Z","level":"info","event":" 0   Title   12 non-null     object","chan":"stdout","logger":"task"}
{"timestamp":"2025-11-13T07:40:48.384111Z","level":"info","event":" 1   Author  12 non-null     object","chan":"stdout","logger":"task"}
{"timestamp":"2025-11-13T07:40:48.384531Z","level":"info","event":" 2   Price   12 non-null     object","chan":"stdout","logger":"task"}
{"timestamp":"2025-11-13T07:40:48.384953Z","level":"info","event":" 3   Rating  12 non-null     object","chan":"stdout","logger":"task"}
{"timestamp":"2025-11-13T07:40:48.385361Z","level":"info","event":"dtypes: object(4)","chan":"stdout","logger":"task"}
{"timestamp":"2025-11-13T07:40:48.385686Z","level":"info","event":"memory usage: 516.0+ bytes","chan":"stdout","logger":"task"}
{"timestamp":"2025-11-13T07:40:48.386187Z","level":"info","event":"[XCOM] Pushed raw data path to XCom.","chan":"stdout","logger":"task"}
{"timestamp":"2025-11-13T07:40:48.386655Z","level":"info","event":"","chan":"stdout","logger":"task"}
{"timestamp":"2025-11-13T07:40:48.387116Z","level":"info","event":"📘 Preview of Extracted Data:","chan":"stdout","logger":"task"}
{"timestamp":"2025-11-13T07:40:48.387490Z","level":"info","event":"                                                                                                                                                                                              Title               Author  Price             Rating","chan":"stdout","logger":"task"}
{"timestamp":"2025-11-13T07:40:48.387970Z","level":"info","event":"                                                        Data Engineering Foundations: Core Techniques for Data Analysis with Pandas, NumPy, and Scikit-Learn (Advanced Data Analysis Series Book 1)       Kindle Edition $44.90 4.2 out of 5 stars","chan":"stdout","logger":"task"}
{"timestamp":"2025-11-13T07:40:48.388544Z","level":"info","event":"                                                                               Data Engineering with AWS: Acquire the skills to design and build AWS-based data transformation pipelines like a pro         Gareth Eagar $23.46 4.4 out of 5 stars","chan":"stdout","logger":"task"}
{"timestamp":"2025-11-13T07:40:48.388923Z","level":"info","event":"                             AWS Certified Data Engineer – Associate Exam Notes & Practice Tests : 8 Full-Length Practice Exams with Answer Explanations | 500+ Practice Questions | Key Exam Notes             SK Singh  $0.00 4.8 out of 5 stars","chan":"stdout","logger":"task"}
{"timestamp":"2025-11-13T07:40:48.389330Z","level":"info","event":"Kafka Data Engineer (KDE) Handbook - Kafka Development & Engineering: Advanced Kafka Skills for Data Engineers (KDE): Custom Topic Management, Optimized ... Seamless DB Integration (KAFKA 2025 2)       Kindle Edition $46.32                N/A","chan":"stdout","logger":"task"}
{"timestamp":"2025-11-13T07:40:48.389751Z","level":"info","event":"                                                      Python and SQL Bible: From Beginner to World Expert: Unleash the full potential of data analysis and manipulation by mastering Python and SQL Cuantum Technologies $39.90 4.2 out of 5 stars","chan":"stdout","logger":"task"}
{"timestamp":"2025-11-13T07:40:48.386191","level":"info","event":"Done. Returned value was: /opt/airflow/tmp/amazon_books_raw.csv","logger":"airflow.task.operators.airflow.providers.standard.decorators.python._PythonDecoratedOperator"}
{"timestamp":"2025-11-13T07:40:48.386519","level":"info","event":"Pushing xcom","ti":"RuntimeTaskInstance(id=UUID('019a7c28-cfd6-7df3-b5f7-712d198eb3bd'), task_id='get_amazon_data_books', dag_id='amazon_books_etl_pipeline', run_id='scheduled__2025-11-13T00:00:00+00:00', try_number=1, map_index=-1, hostname='1457f3942800', context_carrier=None, task=<Task(_PythonDecoratedOperator): get_amazon_data_books>, bundle_instance=LocalDagBundle(name=dags-folder), max_tries=3, start_date=datetime.datetime(2025, 11, 13, 7, 40, 41, 221621, tzinfo=TzInfo(UTC)), end_date=None, state=<TaskInstanceState.RUNNING: 'running'>, is_mapped=False, rendered_map_index=None)","logger":"task"}
{"timestamp":"2025-11-13T08:25:11.120047","level":"info","event":"DAG bundles loaded: dags-folder","logger":"airflow.dag_processing.bundles.manager.DagBundlesManager"}
{"timestamp":"2025-11-13T08:25:11.122741","level":"info","event":"Filling up the DagBag from /opt/airflow/dags/amazon_etl_dag.py","logger":"airflow.models.dagbag.DagBag"}
{"timestamp":"2025-11-13T08:25:18.828826Z","level":"info","event":"[EXTRACT] Amazon book data successfully saved at /opt/airflow/tmp/amazon_books_raw.csv","chan":"stdout","logger":"task"}
{"timestamp":"2025-11-13T08:25:18.858114Z","level":"info","event":"<class 'pandas.core.frame.DataFrame'>","chan":"stdout","logger":"task"}
{"timestamp":"2025-11-13T08:25:18.859195Z","level":"info","event":"RangeIndex: 12 entries, 0 to 11","chan":"stdout","logger":"task"}
{"timestamp":"2025-11-13T08:25:18.860234Z","level":"info","event":"Data columns (total 4 columns):","chan":"stdout","logger":"task"}
{"timestamp":"2025-11-13T08:25:18.861156Z","level":"info","event":" #   Column  Non-Null Count  Dtype","chan":"stdout","logger":"task"}
{"timestamp":"2025-11-13T08:25:18.862144Z","level":"info","event":"---  ------  --------------  -----","chan":"stdout","logger":"task"}
{"timestamp":"2025-11-13T08:25:18.863162Z","level":"info","event":" 0   Title   12 non-null     object","chan":"stdout","logger":"task"}
{"timestamp":"2025-11-13T08:25:18.864333Z","level":"info","event":" 1   Author  12 non-null     object","chan":"stdout","logger":"task"}
{"timestamp":"2025-11-13T08:25:18.865458Z","level":"info","event":" 2   Price   12 non-null     object","chan":"stdout","logger":"task"}
{"timestamp":"2025-11-13T08:25:18.866511Z","level":"info","event":" 3   Rating  12 non-null     object","chan":"stdout","logger":"task"}
{"timestamp":"2025-11-13T08:25:18.867535Z","level":"info","event":"dtypes: object(4)","chan":"stdout","logger":"task"}
{"timestamp":"2025-11-13T08:25:18.868460Z","level":"info","event":"memory usage: 516.0+ bytes","chan":"stdout","logger":"task"}
{"timestamp":"2025-11-13T08:25:18.870005Z","level":"info","event":"[XCOM] Pushed raw data path to XCom.","chan":"stdout","logger":"task"}
{"timestamp":"2025-11-13T08:25:18.871269Z","level":"info","event":"","chan":"stdout","logger":"task"}
{"timestamp":"2025-11-13T08:25:18.873943Z","level":"info","event":"📘 Preview of Extracted Data:","chan":"stdout","logger":"task"}
{"timestamp":"2025-11-13T08:25:18.875265Z","level":"info","event":"                                                                                                                                                                                              Title               Author     Price             Rating","chan":"stdout","logger":"task"}
{"timestamp":"2025-11-13T08:25:18.876355Z","level":"info","event":"                                                        Data Engineering Foundations: Core Techniques for Data Analysis with Pandas, NumPy, and Scikit-Learn (Advanced Data Analysis Series Book 1)       Kindle Edition GBP 34.23 4.2 out of 5 stars","chan":"stdout","logger":"task"}
{"timestamp":"2025-11-13T08:25:18.878350Z","level":"info","event":"                                                                               Data Engineering with AWS: Acquire the skills to design and build AWS-based data transformation pipelines like a pro         Gareth Eagar GBP 17.89 4.4 out of 5 stars","chan":"stdout","logger":"task"}
{"timestamp":"2025-11-13T08:25:18.879607Z","level":"info","event":"                             AWS Certified Data Engineer – Associate Exam Notes & Practice Tests : 8 Full-Length Practice Exams with Answer Explanations | 500+ Practice Questions | Key Exam Notes             SK Singh  GBP 0.00 4.8 out of 5 stars","chan":"stdout","logger":"task"}
{"timestamp":"2025-11-13T08:25:18.881245Z","level":"info","event":"Kafka Data Engineer (KDE) Handbook - Kafka Development & Engineering: Advanced Kafka Skills for Data Engineers (KDE): Custom Topic Management, Optimized ... Seamless DB Integration (KAFKA 2025 2)       Kindle Edition GBP 35.31                N/A","chan":"stdout","logger":"task"}
{"timestamp":"2025-11-13T08:25:18.882419Z","level":"info","event":"                                                      Python and SQL Bible: From Beginner to World Expert: Unleash the full potential of data analysis and manipulation by mastering Python and SQL Cuantum Technologies GBP 30.42 4.2 out of 5 stars","chan":"stdout","logger":"task"}
{"timestamp":"2025-11-13T08:25:18.871093","level":"info","event":"Done. Returned value was: /opt/airflow/tmp/amazon_books_raw.csv","logger":"airflow.task.operators.airflow.providers.standard.decorators.python._PythonDecoratedOperator"}
{"timestamp":"2025-11-13T08:25:18.872665","level":"info","event":"Pushing xcom","ti":"RuntimeTaskInstance(id=UUID('019a7c51-86be-7a13-ad39-c95c3fd6bc92'), task_id='get_amazon_data_books', dag_id='amazon_books_etl_pipeline', run_id='scheduled__2025-11-13T00:00:00+00:00', try_number=1, map_index=-1, hostname='d56ec9e332a1', context_carrier=None, task=<Task(_PythonDecoratedOperator): get_amazon_data_books>, bundle_instance=LocalDagBundle(name=dags-folder), max_tries=3, start_date=datetime.datetime(2025, 11, 13, 8, 25, 9, 805027, tzinfo=TzInfo(UTC)), end_date=None, state=<TaskInstanceState.RUNNING: 'running'>, is_mapped=False, rendered_map_index=None)","logger":"task"}
{"timestamp":"2025-11-13T10:45:48.001977","level":"info","event":"DAG bundles loaded: dags-folder","logger":"airflow.dag_processing.bundles.manager.DagBundlesManager"}
{"timestamp":"2025-11-13T10:45:48.008554","level":"info","event":"Filling up the DagBag from /opt/airflow/dags/amazon_etl_dag.py","logger":"airflow.models.dagbag.DagBag"}
{"timestamp":"2025-11-13T10:45:52.403349Z","level":"info","event":"[EXTRACT] Amazon book data successfully saved at /opt/airflow/tmp/amazon_books_raw.csv","chan":"stdout","logger":"task"}
{"timestamp":"2025-11-13T10:45:52.403357","level":"error","event":"Task failed with exception","logger":"task","error_detail":[{"exc_type":"NameError","exc_value":"name 'StringIO' is not defined","exc_notes":[],"syntax_error":null,"is_cause":false,"frames":[{"filename":"/home/airflow/.local/lib/python3.12/site-packages/airflow/sdk/execution_time/task_runner.py","lineno":838,"name":"run"},{"filename":"/home/airflow/.local/lib/python3.12/site-packages/airflow/sdk/execution_time/task_runner.py","lineno":1130,"name":"_execute_task"},{"filename":"/home/airflow/.local/lib/python3.12/site-packages/airflow/sdk/bases/operator.py","lineno":408,"name":"wrapper"},{"filename":"/home/airflow/.local/lib/python3.12/site-packages/airflow/sdk/bases/decorator.py","lineno":251,"name":"execute"},{"filename":"/home/airflow/.local/lib/python3.12/site-packages/airflow/sdk/bases/operator.py","lineno":408,"name":"wrapper"},{"filename":"/home/airflow/.local/lib/python3.12/site-packages/airflow/providers/standard/operators/python.py","lineno":212,"name":"execute"},{"filename":"/home/airflow/.local/lib/python3.12/site-packages/airflow/providers/standard/operators/python.py","lineno":235,"name":"execute_callable"},{"filename":"/home/airflow/.local/lib/python3.12/site-packages/airflow/sdk/execution_time/callback_runner.py","lineno":81,"name":"run"},{"filename":"/opt/airflow/dags/amazon_etl_dag.py","lineno":99,"name":"get_amazon_data_books"}]}]}
{"timestamp":"2025-11-13T13:19:21.649088","level":"info","event":"DAG bundles loaded: dags-folder","logger":"airflow.dag_processing.bundles.manager.DagBundlesManager"}
{"timestamp":"2025-11-13T13:19:21.650430","level":"info","event":"Filling up the DagBag from /opt/airflow/dags/amazon_etl_dag.py","logger":"airflow.models.dagbag.DagBag"}
{"timestamp":"2025-11-13T13:20:15.472482Z","level":"info","event":"[EXTRACT] Amazon book data successfully saved at /opt/airflow/tmp/amazon_books_raw.csv","chan":"stdout","logger":"task"}
{"timestamp":"2025-11-13T13:20:15.473260Z","level":"info","event":"[EXTRACT] 36 valid, unique records extracted across 11 pages.","chan":"stdout","logger":"task"}
{"timestamp":"2025-11-13T13:20:15.537518Z","level":"info","event":"[XCOM] Pushed cleaned data summary to XCom.","chan":"stdout","logger":"task"}
{"timestamp":"2025-11-13T13:20:15.537970Z","level":"info","event":"","chan":"stdout","logger":"task"}
{"timestamp":"2025-11-13T13:20:15.538250Z","level":"info","event":"📘 Preview of Extracted Data:","chan":"stdout","logger":"task"}
{"timestamp":"2025-11-13T13:20:15.538537Z","level":"info","event":"                                                                                                                                                                                              Title               Author        Price             Rating","chan":"stdout","logger":"task"}
{"timestamp":"2025-11-13T13:20:15.538849Z","level":"info","event":"                                                        Data Engineering Foundations: Core Techniques for Data Analysis with Pandas, NumPy, and Scikit-Learn (Advanced Data Analysis Series Book 1)       Kindle Edition KES 5,797.94 4.2 out of 5 stars","chan":"stdout","logger":"task"}
{"timestamp":"2025-11-13T13:20:15.539100Z","level":"info","event":"                                                                                                                                           Mastering the Data Paradox: Key to Winning in the AI Age           Nitin Seth KES 2,219.74 4.7 out of 5 stars","chan":"stdout","logger":"task"}
{"timestamp":"2025-11-13T13:20:15.539325Z","level":"info","event":"                                                      Python and SQL Bible: From Beginner to World Expert: Unleash the full potential of data analysis and manipulation by mastering Python and SQL Cuantum Technologies KES 5,152.29 4.2 out of 5 stars","chan":"stdout","logger":"task"}
{"timestamp":"2025-11-13T13:20:15.539581Z","level":"info","event":"Kafka Data Engineer (KDE) Handbook - Kafka Development & Engineering: Advanced Kafka Skills for Data Engineers (KDE): Custom Topic Management, Optimized ... Seamless DB Integration (KAFKA 2025 2)       Kindle Edition KES 5,981.30                N/A","chan":"stdout","logger":"task"}
{"timestamp":"2025-11-13T13:20:15.539811Z","level":"info","event":"                                         Feature Engineering for Modern Machine Learning with Scikit-Learn: Advanced Data Science and Practical Applications (Advanced Data Analysis Series Book 2)       Kindle Edition KES 5,797.94 4.6 out of 5 stars","chan":"stdout","logger":"task"}
{"timestamp":"2025-11-13T13:20:15.479716","level":"info","event":"Done. Returned value was: /opt/airflow/tmp/amazon_books_raw.csv","logger":"airflow.task.operators.airflow.providers.standard.decorators.python._PythonDecoratedOperator"}
{"timestamp":"2025-11-13T13:20:15.480204","level":"info","event":"Pushing xcom","ti":"RuntimeTaskInstance(id=UUID('019a7d5e-de32-7961-8ba5-5f12c05dc6b9'), task_id='get_amazon_data_books', dag_id='amazon_books_etl_pipeline', run_id='scheduled__2025-11-13T00:00:00+00:00', try_number=1, map_index=-1, hostname='be27c2882451', context_carrier=None, task=<Task(_PythonDecoratedOperator): get_amazon_data_books>, bundle_instance=LocalDagBundle(name=dags-folder), max_tries=3, start_date=datetime.datetime(2025, 11, 13, 13, 19, 20, 983014, tzinfo=TzInfo(UTC)), end_date=None, state=<TaskInstanceState.RUNNING: 'running'>, is_mapped=False, rendered_map_index=None)","logger":"task"}
{"timestamp":"2025-11-13T14:01:14.969476","level":"info","event":"DAG bundles loaded: dags-folder","logger":"airflow.dag_processing.bundles.manager.DagBundlesManager"}
{"timestamp":"2025-11-13T14:01:14.970326","level":"info","event":"Filling up the DagBag from /opt/airflow/dags/amazon_etl_dag.py","logger":"airflow.models.dagbag.DagBag"}
{"timestamp":"2025-11-13T14:02:01.711529Z","level":"info","event":"[EXTRACT] Amazon book data successfully saved at /opt/airflow/tmp/amazon_books_raw.csv","chan":"stdout","logger":"task"}
{"timestamp":"2025-11-13T14:02:01.712732Z","level":"info","event":"[EXTRACT] 41 valid, unique records extracted across 11 pages.","chan":"stdout","logger":"task"}
{"timestamp":"2025-11-13T14:02:02.319121Z","level":"info","event":"[XCOM] Pushed cleaned data summary to XCom.","chan":"stdout","logger":"task"}
{"timestamp":"2025-11-13T14:02:02.319899Z","level":"info","event":"","chan":"stdout","logger":"task"}
{"timestamp":"2025-11-13T14:02:02.320656Z","level":"info","event":"📘 Preview of Extracted Data:","chan":"stdout","logger":"task"}
{"timestamp":"2025-11-13T14:02:02.321478Z","level":"info","event":"                                                                                                                                                                                              Title               Author     Price             Rating","chan":"stdout","logger":"task"}
{"timestamp":"2025-11-13T14:02:02.322476Z","level":"info","event":"                                                        Data Engineering Foundations: Core Techniques for Data Analysis with Pandas, NumPy, and Scikit-Learn (Advanced Data Analysis Series Book 1)       Kindle Edition GBP 34.23 4.2 out of 5 stars","chan":"stdout","logger":"task"}
{"timestamp":"2025-11-13T14:02:02.323200Z","level":"info","event":"                                                                                                                                AWS Certified Data Engineer – Associate Exam Notes & Practice Tests             SK Singh GBP 22.86 4.8 out of 5 stars","chan":"stdout","logger":"task"}
{"timestamp":"2025-11-13T14:02:02.324197Z","level":"info","event":"                                                               Data Engineering Foundations: Core Techniques for Data Analysis with Pandas, NumPy, and Scikit-Learn (Advanced Data Analysis Series)            Paperback GBP 38.04 4.2 out of 5 stars","chan":"stdout","logger":"task"}
{"timestamp":"2025-11-13T14:02:02.325642Z","level":"info","event":"                                                      Python and SQL Bible: From Beginner to World Expert: Unleash the full potential of data analysis and manipulation by mastering Python and SQL Cuantum Technologies GBP 30.42 4.2 out of 5 stars","chan":"stdout","logger":"task"}
{"timestamp":"2025-11-13T14:02:02.329307Z","level":"info","event":"Kafka Data Engineer (KDE) Handbook - Kafka Development & Engineering: Advanced Kafka Skills for Data Engineers (KDE): Custom Topic Management, Optimized ... Seamless DB Integration (KAFKA 2025 2)       Kindle Edition GBP 35.31                N/A","chan":"stdout","logger":"task"}
{"timestamp":"2025-11-13T14:02:01.726124","level":"info","event":"Done. Returned value was: /opt/airflow/tmp/amazon_books_raw.csv","logger":"airflow.task.operators.airflow.providers.standard.decorators.python._PythonDecoratedOperator"}
{"timestamp":"2025-11-13T14:02:01.726903","level":"info","event":"Pushing xcom","ti":"RuntimeTaskInstance(id=UUID('019a7d85-3673-79a5-868f-d9c04f5aac73'), task_id='get_amazon_data_books', dag_id='amazon_books_etl_pipeline', run_id='scheduled__2025-11-13T00:00:00+00:00', try_number=1, map_index=-1, hostname='c47659323ba5', context_carrier=None, task=<Task(_PythonDecoratedOperator): get_amazon_data_books>, bundle_instance=LocalDagBundle(name=dags-folder), max_tries=3, start_date=datetime.datetime(2025, 11, 13, 14, 1, 14, 86541, tzinfo=TzInfo(UTC)), end_date=None, state=<TaskInstanceState.RUNNING: 'running'>, is_mapped=False, rendered_map_index=None)","logger":"task"}
{"timestamp":"2025-11-13T14:15:57.974670","level":"info","event":"DAG bundles loaded: dags-folder","logger":"airflow.dag_processing.bundles.manager.DagBundlesManager"}
{"timestamp":"2025-11-13T14:15:57.975558","level":"info","event":"Filling up the DagBag from /opt/airflow/dags/amazon_etl_dag.py","logger":"airflow.models.dagbag.DagBag"}
{"timestamp":"2025-11-13T14:16:44.489853Z","level":"info","event":"[EXTRACT] Amazon book data successfully saved at /opt/airflow/tmp/amazon_books_raw.csv","chan":"stdout","logger":"task"}
{"timestamp":"2025-11-13T14:16:44.490683Z","level":"info","event":"[EXTRACT] 42 valid, unique records extracted across 11 pages.","chan":"stdout","logger":"task"}
{"timestamp":"2025-11-13T14:16:44.599588Z","level":"info","event":"[XCOM] Pushed cleaned data summary to XCom.","chan":"stdout","logger":"task"}
{"timestamp":"2025-11-13T14:16:44.600373Z","level":"info","event":"","chan":"stdout","logger":"task"}
{"timestamp":"2025-11-13T14:16:44.600853Z","level":"info","event":"📘 Preview of Extracted Data:","chan":"stdout","logger":"task"}
{"timestamp":"2025-11-13T14:16:44.601251Z","level":"info","event":"                                                                                                                                                                                              Title               Author     Price             Rating","chan":"stdout","logger":"task"}
{"timestamp":"2025-11-13T14:16:44.601594Z","level":"info","event":"                                                        Data Engineering Foundations: Core Techniques for Data Analysis with Pandas, NumPy, and Scikit-Learn (Advanced Data Analysis Series Book 1)       Kindle Edition GBP 34.23 4.2 out of 5 stars","chan":"stdout","logger":"task"}
{"timestamp":"2025-11-13T14:16:44.602045Z","level":"info","event":"                                                                               Data Engineering with AWS: Acquire the skills to design and build AWS-based data transformation pipelines like a pro         Gareth Eagar GBP 17.89 4.4 out of 5 stars","chan":"stdout","logger":"task"}
{"timestamp":"2025-11-13T14:16:44.602602Z","level":"info","event":"                                                      Python and SQL Bible: From Beginner to World Expert: Unleash the full potential of data analysis and manipulation by mastering Python and SQL Cuantum Technologies GBP 30.42 4.2 out of 5 stars","chan":"stdout","logger":"task"}
{"timestamp":"2025-11-13T14:16:44.603207Z","level":"info","event":"Kafka Data Engineer (KDE) Handbook - Kafka Development & Engineering: Advanced Kafka Skills for Data Engineers (KDE): Custom Topic Management, Optimized ... Seamless DB Integration (KAFKA 2025 2)       Kindle Edition GBP 35.31                N/A","chan":"stdout","logger":"task"}
{"timestamp":"2025-11-13T14:16:44.603774Z","level":"info","event":"                                         Feature Engineering for Modern Machine Learning with Scikit-Learn: Advanced Data Science and Practical Applications (Advanced Data Analysis Series Book 2)       Kindle Edition GBP 34.23 4.6 out of 5 stars","chan":"stdout","logger":"task"}
{"timestamp":"2025-11-13T14:16:44.502764","level":"info","event":"Done. Returned value was: /opt/airflow/tmp/amazon_books_raw.csv","logger":"airflow.task.operators.airflow.providers.standard.decorators.python._PythonDecoratedOperator"}
{"timestamp":"2025-11-13T14:16:44.504239","level":"info","event":"Pushing xcom","ti":"RuntimeTaskInstance(id=UUID('019a7d92-b0c9-72f2-a3c9-56af9e1d1227'), task_id='get_amazon_data_books', dag_id='amazon_books_etl_pipeline', run_id='scheduled__2025-11-13T00:00:00+00:00', try_number=1, map_index=-1, hostname='66ac5f7d52af', context_carrier=None, task=<Task(_PythonDecoratedOperator): get_amazon_data_books>, bundle_instance=LocalDagBundle(name=dags-folder), max_tries=3, start_date=datetime.datetime(2025, 11, 13, 14, 15, 57, 218414, tzinfo=TzInfo(UTC)), end_date=None, state=<TaskInstanceState.RUNNING: 'running'>, is_mapped=False, rendered_map_index=None)","logger":"task"}
{"timestamp":"2025-11-13T14:24:08.069038","level":"info","event":"DAG bundles loaded: dags-folder","logger":"airflow.dag_processing.bundles.manager.DagBundlesManager"}
{"timestamp":"2025-11-13T14:24:08.071402","level":"info","event":"Filling up the DagBag from /opt/airflow/dags/amazon_etl_dag.py","logger":"airflow.models.dagbag.DagBag"}
{"timestamp":"2025-11-13T14:24:57.775664Z","level":"info","event":"[EXTRACT] Amazon book data successfully saved at /opt/airflow/tmp/amazon_books_raw.csv","chan":"stdout","logger":"task"}
{"timestamp":"2025-11-13T14:24:57.776525Z","level":"info","event":"[EXTRACT] 38 valid, unique records extracted across 11 pages.","chan":"stdout","logger":"task"}
{"timestamp":"2025-11-13T14:24:57.815944Z","level":"info","event":"[XCOM] Pushed cleaned data summary to XCom.","chan":"stdout","logger":"task"}
{"timestamp":"2025-11-13T14:24:57.816524Z","level":"info","event":"","chan":"stdout","logger":"task"}
{"timestamp":"2025-11-13T14:24:57.817035Z","level":"info","event":"📘 Preview of Extracted Data:","chan":"stdout","logger":"task"}
{"timestamp":"2025-11-13T14:24:57.817405Z","level":"info","event":"                                                                                                                                                     Title               Author  Price             Rating","chan":"stdout","logger":"task"}
{"timestamp":"2025-11-13T14:24:57.817871Z","level":"info","event":"               Data Engineering Foundations: Core Techniques for Data Analysis with Pandas, NumPy, and Scikit-Learn (Advanced Data Analysis Series Book 1)       Kindle Edition $44.90 4.2 out of 5 stars","chan":"stdout","logger":"task"}
{"timestamp":"2025-11-13T14:24:57.818240Z","level":"info","event":"                                      Data Engineering with AWS: Acquire the skills to design and build AWS-based data transformation pipelines like a pro         Gareth Eagar $23.46 4.4 out of 5 stars","chan":"stdout","logger":"task"}
{"timestamp":"2025-11-13T14:24:57.818624Z","level":"info","event":"                                                                                       AWS Certified Data Engineer – Associate Exam Notes & Practice Tests             SK Singh $29.99 4.8 out of 5 stars","chan":"stdout","logger":"task"}
{"timestamp":"2025-11-13T14:24:57.819159Z","level":"info","event":"Feature Engineering for Modern Machine Learning with Scikit-Learn: Advanced Data Science and Practical Applications (Advanced Data Analysis Series Book 2)       Kindle Edition $44.90 4.6 out of 5 stars","chan":"stdout","logger":"task"}
{"timestamp":"2025-11-13T14:24:57.819610Z","level":"info","event":"             Python and SQL Bible: From Beginner to World Expert: Unleash the full potential of data analysis and manipulation by mastering Python and SQL Cuantum Technologies $39.90 4.2 out of 5 stars","chan":"stdout","logger":"task"}
{"timestamp":"2025-11-13T14:24:57.783674","level":"info","event":"Done. Returned value was: /opt/airflow/tmp/amazon_books_raw.csv","logger":"airflow.task.operators.airflow.providers.standard.decorators.python._PythonDecoratedOperator"}
{"timestamp":"2025-11-13T14:24:57.784499","level":"info","event":"Pushing xcom","ti":"RuntimeTaskInstance(id=UUID('019a7d9a-2665-7a00-86b7-1722b95a4956'), task_id='get_amazon_data_books', dag_id='amazon_books_etl_pipeline', run_id='scheduled__2025-11-13T00:00:00+00:00', try_number=1, map_index=-1, hostname='8013887dcb44', context_carrier=None, task=<Task(_PythonDecoratedOperator): get_amazon_data_books>, bundle_instance=LocalDagBundle(name=dags-folder), max_tries=3, start_date=datetime.datetime(2025, 11, 13, 14, 24, 6, 524064, tzinfo=TzInfo(UTC)), end_date=None, state=<TaskInstanceState.RUNNING: 'running'>, is_mapped=False, rendered_map_index=None)","logger":"task"}
{"timestamp":"2025-11-13T14:40:36.023948","level":"info","event":"DAG bundles loaded: dags-folder","logger":"airflow.dag_processing.bundles.manager.DagBundlesManager"}
{"timestamp":"2025-11-13T14:40:36.026501","level":"info","event":"Filling up the DagBag from /opt/airflow/dags/amazon_etl_dag.py","logger":"airflow.models.dagbag.DagBag"}
{"timestamp":"2025-11-13T14:41:33.871666Z","level":"info","event":"[EXTRACT] Amazon book data successfully saved at /opt/airflow/tmp/amazon_books_raw.csv","chan":"stdout","logger":"task"}
{"timestamp":"2025-11-13T14:41:33.872734Z","level":"info","event":"[EXTRACT] 36 valid, unique records extracted across 11 pages.","chan":"stdout","logger":"task"}
{"timestamp":"2025-11-13T14:41:33.994927Z","level":"info","event":"[XCOM] Pushed cleaned data summary to XCom.","chan":"stdout","logger":"task"}
{"timestamp":"2025-11-13T14:41:33.995890Z","level":"info","event":"","chan":"stdout","logger":"task"}
{"timestamp":"2025-11-13T14:41:33.996890Z","level":"info","event":"📘 Preview of Extracted Data:","chan":"stdout","logger":"task"}
{"timestamp":"2025-11-13T14:41:33.997739Z","level":"info","event":"                                                                                                                                                     Title               Author     Price             Rating","chan":"stdout","logger":"task"}
{"timestamp":"2025-11-13T14:41:33.998656Z","level":"info","event":"               Data Engineering Foundations: Core Techniques for Data Analysis with Pandas, NumPy, and Scikit-Learn (Advanced Data Analysis Series Book 1)       Kindle Edition GBP 34.06 4.2 out of 5 stars","chan":"stdout","logger":"task"}
{"timestamp":"2025-11-13T14:41:33.999463Z","level":"info","event":"                                      Data Engineering with AWS: Acquire the skills to design and build AWS-based data transformation pipelines like a pro         Gareth Eagar GBP 17.80 4.4 out of 5 stars","chan":"stdout","logger":"task"}
{"timestamp":"2025-11-13T14:41:34.000393Z","level":"info","event":"                                                                                       AWS Certified Data Engineer – Associate Exam Notes & Practice Tests             SK Singh GBP 22.75 4.8 out of 5 stars","chan":"stdout","logger":"task"}
{"timestamp":"2025-11-13T14:41:34.001173Z","level":"info","event":"Feature Engineering for Modern Machine Learning with Scikit-Learn: Advanced Data Science and Practical Applications (Advanced Data Analysis Series Book 2)       Kindle Edition GBP 34.06 4.6 out of 5 stars","chan":"stdout","logger":"task"}
{"timestamp":"2025-11-13T14:41:34.002031Z","level":"info","event":"             Python and SQL Bible: From Beginner to World Expert: Unleash the full potential of data analysis and manipulation by mastering Python and SQL Cuantum Technologies GBP 30.27 4.2 out of 5 stars","chan":"stdout","logger":"task"}
{"timestamp":"2025-11-13T14:41:33.884320","level":"info","event":"Done. Returned value was: /opt/airflow/tmp/amazon_books_raw.csv","logger":"airflow.task.operators.airflow.providers.standard.decorators.python._PythonDecoratedOperator"}
{"timestamp":"2025-11-13T14:41:33.885494","level":"info","event":"Pushing xcom","ti":"RuntimeTaskInstance(id=UUID('019a7da9-3b5e-7a54-8955-b2774a0504a2'), task_id='get_amazon_data_books', dag_id='amazon_books_etl_pipeline', run_id='scheduled__2025-11-13T00:00:00+00:00', try_number=1, map_index=-1, hostname='48734e4cff26', context_carrier=None, task=<Task(_PythonDecoratedOperator): get_amazon_data_books>, bundle_instance=LocalDagBundle(name=dags-folder), max_tries=3, start_date=datetime.datetime(2025, 11, 13, 14, 40, 34, 815149, tzinfo=TzInfo(UTC)), end_date=None, state=<TaskInstanceState.RUNNING: 'running'>, is_mapped=False, rendered_map_index=None)","logger":"task"}
