{"timestamp":"2025-11-13T07:40:41.803264","level":"info","event":"DAG bundles loaded: dags-folder","logger":"airflow.dag_processing.bundles.manager.DagBundlesManager"}
{"timestamp":"2025-11-13T07:40:41.803984","level":"info","event":"Filling up the DagBag from /opt/airflow/dags/amazon_etl_dag.py","logger":"airflow.models.dagbag.DagBag"}
{"timestamp":"2025-11-13T07:40:52.398292Z","level":"info","event":"[EXTRACT] Amazon book data successfully saved at /opt/airflow/tmp/amazon_books_raw.csv","chan":"stdout","logger":"task"}
{"timestamp":"2025-11-13T07:40:52.402819Z","level":"info","event":"<class 'pandas.core.frame.DataFrame'>","chan":"stdout","logger":"task"}
{"timestamp":"2025-11-13T07:40:52.403309Z","level":"info","event":"RangeIndex: 12 entries, 0 to 11","chan":"stdout","logger":"task"}
{"timestamp":"2025-11-13T07:40:52.403746Z","level":"info","event":"Data columns (total 4 columns):","chan":"stdout","logger":"task"}
{"timestamp":"2025-11-13T07:40:52.404160Z","level":"info","event":" #   Column  Non-Null Count  Dtype","chan":"stdout","logger":"task"}
{"timestamp":"2025-11-13T07:40:52.404496Z","level":"info","event":"---  ------  --------------  -----","chan":"stdout","logger":"task"}
{"timestamp":"2025-11-13T07:40:52.404795Z","level":"info","event":" 0   Title   12 non-null     object","chan":"stdout","logger":"task"}
{"timestamp":"2025-11-13T07:40:52.405133Z","level":"info","event":" 1   Author  12 non-null     object","chan":"stdout","logger":"task"}
{"timestamp":"2025-11-13T07:40:52.405500Z","level":"info","event":" 2   Price   12 non-null     object","chan":"stdout","logger":"task"}
{"timestamp":"2025-11-13T07:40:52.405952Z","level":"info","event":" 3   Rating  12 non-null     object","chan":"stdout","logger":"task"}
{"timestamp":"2025-11-13T07:40:52.409928Z","level":"info","event":"dtypes: object(4)","chan":"stdout","logger":"task"}
{"timestamp":"2025-11-13T07:40:52.410248Z","level":"info","event":"memory usage: 516.0+ bytes","chan":"stdout","logger":"task"}
{"timestamp":"2025-11-13T07:40:52.410740Z","level":"info","event":"[XCOM] Pushed raw data path to XCom.","chan":"stdout","logger":"task"}
{"timestamp":"2025-11-13T07:40:52.411206Z","level":"info","event":"","chan":"stdout","logger":"task"}
{"timestamp":"2025-11-13T07:40:52.411548Z","level":"info","event":"📘 Preview of Extracted Data:","chan":"stdout","logger":"task"}
{"timestamp":"2025-11-13T07:40:52.411881Z","level":"info","event":"                                                                                                                                                                                              Title               Author        Price             Rating","chan":"stdout","logger":"task"}
{"timestamp":"2025-11-13T07:40:52.412218Z","level":"info","event":"                                                        Data Engineering Foundations: Core Techniques for Data Analysis with Pandas, NumPy, and Scikit-Learn (Advanced Data Analysis Series Book 1)       Kindle Edition KES 5,797.94 4.2 out of 5 stars","chan":"stdout","logger":"task"}
{"timestamp":"2025-11-13T07:40:52.412588Z","level":"info","event":"                                                                               Data Engineering with AWS: Acquire the skills to design and build AWS-based data transformation pipelines like a pro         Gareth Eagar KES 3,029.39 4.4 out of 5 stars","chan":"stdout","logger":"task"}
{"timestamp":"2025-11-13T07:40:52.413011Z","level":"info","event":"                             AWS Certified Data Engineer – Associate Exam Notes & Practice Tests : 8 Full-Length Practice Exams with Answer Explanations | 500+ Practice Questions | Key Exam Notes             SK Singh     KES 0.00 4.8 out of 5 stars","chan":"stdout","logger":"task"}
{"timestamp":"2025-11-13T07:40:52.413365Z","level":"info","event":"Kafka Data Engineer (KDE) Handbook - Kafka Development & Engineering: Advanced Kafka Skills for Data Engineers (KDE): Custom Topic Management, Optimized ... Seamless DB Integration (KAFKA 2025 2)       Kindle Edition KES 5,981.30                N/A","chan":"stdout","logger":"task"}
{"timestamp":"2025-11-13T07:40:52.413717Z","level":"info","event":"                                                      Python and SQL Bible: From Beginner to World Expert: Unleash the full potential of data analysis and manipulation by mastering Python and SQL Cuantum Technologies KES 5,152.29 4.2 out of 5 stars","chan":"stdout","logger":"task"}
{"timestamp":"2025-11-13T07:40:52.404870","level":"info","event":"Done. Returned value was: /opt/airflow/tmp/amazon_books_raw.csv","logger":"airflow.task.operators.airflow.providers.standard.decorators.python._PythonDecoratedOperator"}
{"timestamp":"2025-11-13T07:40:52.405071","level":"info","event":"Pushing xcom","ti":"RuntimeTaskInstance(id=UUID('019a7c28-cf46-7983-846d-b580d7299943'), task_id='get_amazon_data_books', dag_id='amazon_books_etl_pipeline', run_id='manual__2025-11-13T07:40:40.614390+00:00', try_number=1, map_index=-1, hostname='1457f3942800', context_carrier=None, task=<Task(_PythonDecoratedOperator): get_amazon_data_books>, bundle_instance=LocalDagBundle(name=dags-folder), max_tries=3, start_date=datetime.datetime(2025, 11, 13, 7, 40, 41, 208298, tzinfo=TzInfo(UTC)), end_date=None, state=<TaskInstanceState.RUNNING: 'running'>, is_mapped=False, rendered_map_index=None)","logger":"task"}
